<?xml version="1.0" encoding="UTF-8"?>
<!-- Generated by org.testng.reporters.JUnitReportReporter -->
<testsuite hostname="LAPTOP-1MG1M81S" failures="0" tests="1" name="testscripts.MyTest1" time="0.000" errors="0" timestamp="2022-11-28T22:47:19 IST" skipped="0">
  <testcase classname="testscripts.MyTest1" name="test12" time="0.000"/>
  <system-out/>
</testsuite> <!-- testscripts.MyTest1 -->
